<!DOCTYPE html PUBLIC "-//W3C//DTD XHTML 1.1//EN" "https://www.w3.org/TR/xhtml11/DTD/xhtml11.dtd">
<html xmlns="https://www.w3.org/1999/xhtml">
<head>
<meta http-equiv="content-type" content="text/html; charset=UTF-8"/>
<title>TestNG Report</title>
<style type="text/css">table {margin-bottom:10px;border-collapse:collapse;empty-cells:show}th,td {border:1px solid #009;padding:.25em .5em}th {vertical-align:bottom}td {vertical-align:top}table a {font-weight:bold}.stripe td {background-color: #E6EBF9}.num {text-align:right}.passedodd td {background-color: #3F3}.passedeven td {background-color: #0A0}.skippedodd td {background-color: #DDD}.skippedeven td {background-color: #CCC}.failedodd td,.attn {background-color: #F33}.failedeven td,.stripe .attn {background-color: #D00}.stacktrace {white-space:pre;font-family:monospace}.totop {font-size:85%;text-align:center;border-bottom:2px solid #000}.invisible {display:none}</style>
</head>
<body>
<table>
<tr><th>Test</th><th># Passed</th><th># Skipped</th><th># Retried</th><th># Failed</th><th>Time (ms)</th><th>Included Groups</th><th>Excluded Groups</th></tr>
<tr><th colspan="8">Suite</th></tr>
<tr><td><a href="#t0">Test</a></td><td class="num">12</td><td class="num">0</td><td class="num">0</td><td class="num attn">2</td><td class="num">265,495</td><td></td><td></td></tr>
</table>
<table id='summary'><thead><tr><th>Class</th><th>Method</th><th>Start</th><th>Time (ms)</th></tr></thead><tbody><tr><th colspan="4">Suite</th></tr></tbody><tbody id="t0"><tr><th colspan="4">Test &#8212; failed</th></tr><tr class="failedeven"><td rowspan="2">com.tutorialsninja.qa.testcases.LoginTest</td><td><a href="#m0">verifyLoginWithValidCredentials</a></td><td rowspan="2">1703952340693</td><td rowspan="2">11364</td></tr><tr class="failedeven"><td><a href="#m1">verifyLoginWithValidCredentials</a></td></tr><tr><th colspan="4">Test &#8212; passed</th></tr><tr class="passedeven"><td rowspan="5">com.tutorialsninja.qa.testcases.LoginTest</td><td><a href="#m2">VerifyLoginWithoutCredentials</a></td><td rowspan="1">1703952399089</td><td rowspan="1">872</td></tr><tr class="passedeven"><td><a href="#m3">verifyLoginWithInvalidCredentials</a></td><td rowspan="1">1703952363795</td><td rowspan="1">1238</td></tr><tr class="passedeven"><td><a href="#m4">verifyLoginWithInvalidEmailValidPassword</a></td><td rowspan="1">1703952380485</td><td rowspan="1">1618</td></tr><tr class="passedeven"><td><a href="#m5">verifyLoginWithValidCredentials</a></td><td rowspan="1">1703952313448</td><td rowspan="1">1477</td></tr><tr class="passedeven"><td><a href="#m6">verifyLoginWithValidEmailInvalidPassword</a></td><td rowspan="1">1703952390097</td><td rowspan="1">1107</td></tr><tr class="passedodd"><td rowspan="4">com.tutorialsninja.qa.testcases.RegisterTest</td><td><a href="#m7">registerWithAllMandatoryFiels</a></td><td rowspan="1">1703952282951</td><td rowspan="1">3057</td></tr><tr class="passedodd"><td><a href="#m8">registerWithAlreadyExistEmail</a></td><td rowspan="1">1703952293533</td><td rowspan="1">2314</td></tr><tr class="passedodd"><td><a href="#m9">registerWithMandetoryFields</a></td><td rowspan="1">1703952270912</td><td rowspan="1">2784</td></tr><tr class="passedodd"><td><a href="#m10">registerWithhoutFillingAnyDetail</a></td><td rowspan="1">1703952302827</td><td rowspan="1">968</td></tr><tr class="passedeven"><td rowspan="3">com.tutorialsninja.qa.testcases.SearchTest</td><td><a href="#m11">verifySearchWithInvalidproduct</a></td><td rowspan="1">1703952414252</td><td rowspan="1">48801</td></tr><tr class="passedeven"><td><a href="#m12">verifySearchWithNoProduct</a></td><td rowspan="1">1703952522582</td><td rowspan="1">1949</td></tr><tr class="passedeven"><td><a href="#m13">verifySearchWithValidproduct</a></td><td rowspan="1">1703952406548</td><td rowspan="1">3309</td></tr></tbody>
</table>
<h2>Test</h2><h3 id="m0">com.tutorialsninja.qa.testcases.LoginTest#verifyLoginWithValidCredentials</h3><table class="result"><tr class="param"><th>Parameter #1</th><th>Parameter #2</th></tr><tr class="param stripe"><td>testdemo4@gmail.com</td><td>Admin@123</td></tr><tr><th colspan="2">Exception</th></tr><tr><td colspan="2"><div class="stacktrace">org.openqa.selenium.NoSuchElementException: no such element: Unable to locate element: {&quot;method&quot;:&quot;link text&quot;,&quot;selector&quot;:&quot;Edit your account information&quot;}
  (Session info: chrome=120.0.6099.109)
For documentation on this error, please visit: https://www.selenium.dev/documentation/webdriver/troubleshooting/errors#no-such-element-exception
Build info: version: &apos;4.16.1&apos;, revision: &apos;9b4c83354e&apos;
System info: os.name: &apos;Windows 10&apos;, os.arch: &apos;amd64&apos;, os.version: &apos;10.0&apos;, java.version: &apos;17.0.5&apos;
Driver info: org.openqa.selenium.chrome.ChromeDriver
Command: [ad32ab437018cf822d4c037e40743b04, findElement {using=link text, value=Edit your account information}]
Capabilities {acceptInsecureCerts: false, browserName: chrome, browserVersion: 120.0.6099.109, chrome: {chromedriverVersion: 120.0.6099.109 (3419140ab66..., userDataDir: C:\Users\LENOVO\AppData\Loc...}, fedcm:accounts: true, goog:chromeOptions: {debuggerAddress: localhost:58485}, networkConnectionEnabled: false, pageLoadStrategy: normal, platformName: windows, proxy: Proxy(), se:cdp: ws://localhost:58485/devtoo..., se:cdpVersion: 120.0.6099.109, setWindowRect: true, strictFileInteractability: false, timeouts: {implicit: 0, pageLoad: 300000, script: 30000}, unhandledPromptBehavior: dismiss and notify, webauthn:extension:credBlob: true, webauthn:extension:largeBlob: true, webauthn:extension:minPinLength: true, webauthn:extension:prf: true, webauthn:virtualAuthenticators: true}
Session ID: ad32ab437018cf822d4c037e40743b04
	at org.openqa.selenium.remote.codec.w3c.W3CHttpResponseCodec.createException(W3CHttpResponseCodec.java:200)
	at org.openqa.selenium.remote.codec.w3c.W3CHttpResponseCodec.decode(W3CHttpResponseCodec.java:133)
	at org.openqa.selenium.remote.codec.w3c.W3CHttpResponseCodec.decode(W3CHttpResponseCodec.java:52)
	at org.openqa.selenium.remote.HttpCommandExecutor.execute(HttpCommandExecutor.java:191)
	at org.openqa.selenium.remote.service.DriverCommandExecutor.invokeExecute(DriverCommandExecutor.java:200)
	at org.openqa.selenium.remote.service.DriverCommandExecutor.execute(DriverCommandExecutor.java:175)
	at org.openqa.selenium.remote.RemoteWebDriver.execute(RemoteWebDriver.java:523)
	at org.openqa.selenium.remote.ElementLocation$ElementFinder$2.findElement(ElementLocation.java:165)
	at org.openqa.selenium.remote.ElementLocation.findElement(ElementLocation.java:59)
	at org.openqa.selenium.remote.RemoteWebDriver.findElement(RemoteWebDriver.java:360)
	at org.openqa.selenium.remote.RemoteWebDriver.findElement(RemoteWebDriver.java:354)
	at org.openqa.selenium.support.pagefactory.DefaultElementLocator.findElement(DefaultElementLocator.java:68)
	at org.openqa.selenium.support.pagefactory.internal.LocatingElementHandler.invoke(LocatingElementHandler.java:38)
	at jdk.proxy2/jdk.proxy2.$Proxy13.isDisplayed(Unknown Source)
	at com.tutorialninja.qa.pageObject.AccountPage.isaccountPageDisplayed(AccountPage.java:19)
	at com.tutorialsninja.qa.testcases.LoginTest.verifyLoginWithValidCredentials(LoginTest.java:48)
	at java.base/java.util.ArrayList.forEach(ArrayList.java:1511)
... Removed 32 stack frames</div></td></tr></table><p class="totop"><a href="#summary">back to summary</a></p>
<h3 id="m1">com.tutorialsninja.qa.testcases.LoginTest#verifyLoginWithValidCredentials</h3><table class="result"><tr class="param"><th>Parameter #1</th><th>Parameter #2</th></tr><tr class="param stripe"><td>testdemo3@gmail.com</td><td>Admin@123</td></tr><tr><th colspan="2">Exception</th></tr><tr><td colspan="2"><div class="stacktrace">org.openqa.selenium.NoSuchElementException: no such element: Unable to locate element: {&quot;method&quot;:&quot;link text&quot;,&quot;selector&quot;:&quot;Edit your account information&quot;}
  (Session info: chrome=120.0.6099.109)
For documentation on this error, please visit: https://www.selenium.dev/documentation/webdriver/troubleshooting/errors#no-such-element-exception
Build info: version: &apos;4.16.1&apos;, revision: &apos;9b4c83354e&apos;
System info: os.name: &apos;Windows 10&apos;, os.arch: &apos;amd64&apos;, os.version: &apos;10.0&apos;, java.version: &apos;17.0.5&apos;
Driver info: org.openqa.selenium.chrome.ChromeDriver
Command: [70d559826f3d3f2dcfd52642658fa0e5, findElement {using=link text, value=Edit your account information}]
Capabilities {acceptInsecureCerts: false, browserName: chrome, browserVersion: 120.0.6099.109, chrome: {chromedriverVersion: 120.0.6099.109 (3419140ab66..., userDataDir: C:\Users\LENOVO\AppData\Loc...}, fedcm:accounts: true, goog:chromeOptions: {debuggerAddress: localhost:58457}, networkConnectionEnabled: false, pageLoadStrategy: normal, platformName: windows, proxy: Proxy(), se:cdp: ws://localhost:58457/devtoo..., se:cdpVersion: 120.0.6099.109, setWindowRect: true, strictFileInteractability: false, timeouts: {implicit: 0, pageLoad: 300000, script: 30000}, unhandledPromptBehavior: dismiss and notify, webauthn:extension:credBlob: true, webauthn:extension:largeBlob: true, webauthn:extension:minPinLength: true, webauthn:extension:prf: true, webauthn:virtualAuthenticators: true}
Session ID: 70d559826f3d3f2dcfd52642658fa0e5
	at org.openqa.selenium.remote.codec.w3c.W3CHttpResponseCodec.createException(W3CHttpResponseCodec.java:200)
	at org.openqa.selenium.remote.codec.w3c.W3CHttpResponseCodec.decode(W3CHttpResponseCodec.java:133)
	at org.openqa.selenium.remote.codec.w3c.W3CHttpResponseCodec.decode(W3CHttpResponseCodec.java:52)
	at org.openqa.selenium.remote.HttpCommandExecutor.execute(HttpCommandExecutor.java:191)
	at org.openqa.selenium.remote.service.DriverCommandExecutor.invokeExecute(DriverCommandExecutor.java:200)
	at org.openqa.selenium.remote.service.DriverCommandExecutor.execute(DriverCommandExecutor.java:175)
	at org.openqa.selenium.remote.RemoteWebDriver.execute(RemoteWebDriver.java:523)
	at org.openqa.selenium.remote.ElementLocation$ElementFinder$2.findElement(ElementLocation.java:165)
	at org.openqa.selenium.remote.ElementLocation.findElement(ElementLocation.java:59)
	at org.openqa.selenium.remote.RemoteWebDriver.findElement(RemoteWebDriver.java:360)
	at org.openqa.selenium.remote.RemoteWebDriver.findElement(RemoteWebDriver.java:354)
	at org.openqa.selenium.support.pagefactory.DefaultElementLocator.findElement(DefaultElementLocator.java:68)
	at org.openqa.selenium.support.pagefactory.internal.LocatingElementHandler.invoke(LocatingElementHandler.java:38)
	at jdk.proxy2/jdk.proxy2.$Proxy13.isDisplayed(Unknown Source)
	at com.tutorialninja.qa.pageObject.AccountPage.isaccountPageDisplayed(AccountPage.java:19)
	at com.tutorialsninja.qa.testcases.LoginTest.verifyLoginWithValidCredentials(LoginTest.java:48)
	at java.base/java.util.ArrayList.forEach(ArrayList.java:1511)
... Removed 32 stack frames</div></td></tr></table><p class="totop"><a href="#summary">back to summary</a></p>
<h3 id="m2">com.tutorialsninja.qa.testcases.LoginTest#VerifyLoginWithoutCredentials</h3><table class="result"><tr><th class="invisible"/></tr></table><p class="totop"><a href="#summary">back to summary</a></p>
<h3 id="m3">com.tutorialsninja.qa.testcases.LoginTest#verifyLoginWithInvalidCredentials</h3><table class="result"><tr><th class="invisible"/></tr></table><p class="totop"><a href="#summary">back to summary</a></p>
<h3 id="m4">com.tutorialsninja.qa.testcases.LoginTest#verifyLoginWithInvalidEmailValidPassword</h3><table class="result"><tr><th class="invisible"/></tr></table><p class="totop"><a href="#summary">back to summary</a></p>
<h3 id="m5">com.tutorialsninja.qa.testcases.LoginTest#verifyLoginWithValidCredentials</h3><table class="result"><tr class="param"><th>Parameter #1</th><th>Parameter #2</th></tr><tr class="param stripe"><td>testdemo2@gmail.com</td><td>Admin@123</td></tr></table><p class="totop"><a href="#summary">back to summary</a></p>
<h3 id="m6">com.tutorialsninja.qa.testcases.LoginTest#verifyLoginWithValidEmailInvalidPassword</h3><table class="result"><tr><th class="invisible"/></tr></table><p class="totop"><a href="#summary">back to summary</a></p>
<h3 id="m7">com.tutorialsninja.qa.testcases.RegisterTest#registerWithAllMandatoryFiels</h3><table class="result"><tr><th class="invisible"/></tr></table><p class="totop"><a href="#summary">back to summary</a></p>
<h3 id="m8">com.tutorialsninja.qa.testcases.RegisterTest#registerWithAlreadyExistEmail</h3><table class="result"><tr><th class="invisible"/></tr></table><p class="totop"><a href="#summary">back to summary</a></p>
<h3 id="m9">com.tutorialsninja.qa.testcases.RegisterTest#registerWithMandetoryFields</h3><table class="result"><tr><th class="invisible"/></tr></table><p class="totop"><a href="#summary">back to summary</a></p>
<h3 id="m10">com.tutorialsninja.qa.testcases.RegisterTest#registerWithhoutFillingAnyDetail</h3><table class="result"><tr><th class="invisible"/></tr></table><p class="totop"><a href="#summary">back to summary</a></p>
<h3 id="m11">com.tutorialsninja.qa.testcases.SearchTest#verifySearchWithInvalidproduct</h3><table class="result"><tr><th class="invisible"/></tr></table><p class="totop"><a href="#summary">back to summary</a></p>
<h3 id="m12">com.tutorialsninja.qa.testcases.SearchTest#verifySearchWithNoProduct</h3><table class="result"><tr><th class="invisible"/></tr></table><p class="totop"><a href="#summary">back to summary</a></p>
<h3 id="m13">com.tutorialsninja.qa.testcases.SearchTest#verifySearchWithValidproduct</h3><table class="result"><tr><th class="invisible"/></tr></table><p class="totop"><a href="#summary">back to summary</a></p>
</body>
</html>
